[2021-10-29 16:57:54] production.ERROR: Please provide a valid cache path. {"exception":"[object] (InvalidArgumentException(code: 0): Please provide a valid cache path. at /home/user/Project/WordPdfV1/vendor/laravel/framework/src/Illuminate/View/Compilers/Compiler.php:36)
[stacktrace]
#0 /home/user/Project/WordPdfV1/vendor/laravel/framework/src/Illuminate/View/ViewServiceProvider.php(88): Illuminate\\View\\Compilers\\Compiler->__construct()
#1 /home/user/Project/WordPdfV1/vendor/laravel/framework/src/Illuminate/Container/Container.php(873): Illuminate\\View\\ViewServiceProvider->Illuminate\\View\\{closure}()
#2 /home/user/Project/WordPdfV1/vendor/laravel/framework/src/Illuminate/Container/Container.php(758): Illuminate\\Container\\Container->build()
#3 /home/user/Project/WordPdfV1/vendor/laravel/framework/src/Illuminate/Foundation/Application.php(841): Illuminate\\Container\\Container->resolve()
#4 /home/user/Project/WordPdfV1/vendor/laravel/framework/src/Illuminate/Container/Container.php(694): Illuminate\\Foundation\\Application->resolve()
#5 /home/user/Project/WordPdfV1/vendor/laravel/framework/src/Illuminate/Foundation/Application.php(826): Illuminate\\Container\\Container->make()
#6 /home/user/Project/WordPdfV1/vendor/laravel/framework/src/Illuminate/Container/Container.php(1423): Illuminate\\Foundation\\Application->make()
#7 /home/user/Project/WordPdfV1/vendor/laravel/framework/src/Illuminate/View/ViewServiceProvider.php(150): Illuminate\\Container\\Container->offsetGet()
#8 [internal function]: Illuminate\\View\\ViewServiceProvider->Illuminate\\View\\{closure}()
#9 /home/user/Project/WordPdfV1/vendor/laravel/framework/src/Illuminate/View/Engines/EngineResolver.php(55): call_user_func()
#10 /home/user/Project/WordPdfV1/vendor/facade/ignition/src/IgnitionServiceProvider.php(461): Illuminate\\View\\Engines\\EngineResolver->resolve()
#11 /home/user/Project/WordPdfV1/vendor/facade/ignition/src/IgnitionServiceProvider.php(155): Facade\\Ignition\\IgnitionServiceProvider->hasCustomViewEnginesRegistered()
#12 /home/user/Project/WordPdfV1/vendor/facade/ignition/src/IgnitionServiceProvider.php(98): Facade\\Ignition\\IgnitionServiceProvider->registerViewEngines()
#13 /home/user/Project/WordPdfV1/vendor/laravel/framework/src/Illuminate/Container/BoundMethod.php(36): Facade\\Ignition\\IgnitionServiceProvider->boot()
#14 /home/user/Project/WordPdfV1/vendor/laravel/framework/src/Illuminate/Container/Util.php(40): Illuminate\\Container\\BoundMethod::Illuminate\\Container\\{closure}()
#15 /home/user/Project/WordPdfV1/vendor/laravel/framework/src/Illuminate/Container/BoundMethod.php(93): Illuminate\\Container\\Util::unwrapIfClosure()
#16 /home/user/Project/WordPdfV1/vendor/laravel/framework/src/Illuminate/Container/BoundMethod.php(37): Illuminate\\Container\\BoundMethod::callBoundMethod()
#17 /home/user/Project/WordPdfV1/vendor/laravel/framework/src/Illuminate/Container/Container.php(653): Illuminate\\Container\\BoundMethod::call()
#18 /home/user/Project/WordPdfV1/vendor/laravel/framework/src/Illuminate/Foundation/Application.php(914): Illuminate\\Container\\Container->call()
#19 /home/user/Project/WordPdfV1/vendor/laravel/framework/src/Illuminate/Foundation/Application.php(895): Illuminate\\Foundation\\Application->bootProvider()
#20 [internal function]: Illuminate\\Foundation\\Application->Illuminate\\Foundation\\{closure}()
#21 /home/user/Project/WordPdfV1/vendor/laravel/framework/src/Illuminate/Foundation/Application.php(896): array_walk()
#22 /home/user/Project/WordPdfV1/vendor/laravel/framework/src/Illuminate/Foundation/Bootstrap/BootProviders.php(17): Illuminate\\Foundation\\Application->boot()
#23 /home/user/Project/WordPdfV1/vendor/laravel/framework/src/Illuminate/Foundation/Application.php(237): Illuminate\\Foundation\\Bootstrap\\BootProviders->bootstrap()
#24 /home/user/Project/WordPdfV1/vendor/laravel/framework/src/Illuminate/Foundation/Console/Kernel.php(310): Illuminate\\Foundation\\Application->bootstrapWith()
#25 /home/user/Project/WordPdfV1/vendor/laravel/framework/src/Illuminate/Foundation/Console/Kernel.php(127): Illuminate\\Foundation\\Console\\Kernel->bootstrap()
#26 /home/user/Project/WordPdfV1/artisan(37): Illuminate\\Foundation\\Console\\Kernel->handle()
#27 {main}
"} 
[2021-10-29 17:02:20] production.ERROR: Please provide a valid cache path. {"exception":"[object] (InvalidArgumentException(code: 0): Please provide a valid cache path. at /home/user/Project/WordPdfV1/vendor/laravel/framework/src/Illuminate/View/Compilers/Compiler.php:36)
[stacktrace]
#0 /home/user/Project/WordPdfV1/vendor/laravel/framework/src/Illuminate/View/ViewServiceProvider.php(88): Illuminate\\View\\Compilers\\Compiler->__construct()
#1 /home/user/Project/WordPdfV1/vendor/laravel/framework/src/Illuminate/Container/Container.php(873): Illuminate\\View\\ViewServiceProvider->Illuminate\\View\\{closure}()
#2 /home/user/Project/WordPdfV1/vendor/laravel/framework/src/Illuminate/Container/Container.php(758): Illuminate\\Container\\Container->build()
#3 /home/user/Project/WordPdfV1/vendor/laravel/framework/src/Illuminate/Foundation/Application.php(841): Illuminate\\Container\\Container->resolve()
#4 /home/user/Project/WordPdfV1/vendor/laravel/framework/src/Illuminate/Container/Container.php(694): Illuminate\\Foundation\\Application->resolve()
#5 /home/user/Project/WordPdfV1/vendor/laravel/framework/src/Illuminate/Foundation/Application.php(826): Illuminate\\Container\\Container->make()
#6 /home/user/Project/WordPdfV1/vendor/laravel/framework/src/Illuminate/Container/Container.php(1423): Illuminate\\Foundation\\Application->make()
#7 /home/user/Project/WordPdfV1/vendor/laravel/framework/src/Illuminate/View/ViewServiceProvider.php(150): Illuminate\\Container\\Container->offsetGet()
#8 [internal function]: Illuminate\\View\\ViewServiceProvider->Illuminate\\View\\{closure}()
#9 /home/user/Project/WordPdfV1/vendor/laravel/framework/src/Illuminate/View/Engines/EngineResolver.php(55): call_user_func()
#10 /home/user/Project/WordPdfV1/vendor/facade/ignition/src/IgnitionServiceProvider.php(461): Illuminate\\View\\Engines\\EngineResolver->resolve()
#11 /home/user/Project/WordPdfV1/vendor/facade/ignition/src/IgnitionServiceProvider.php(155): Facade\\Ignition\\IgnitionServiceProvider->hasCustomViewEnginesRegistered()
#12 /home/user/Project/WordPdfV1/vendor/facade/ignition/src/IgnitionServiceProvider.php(98): Facade\\Ignition\\IgnitionServiceProvider->registerViewEngines()
#13 /home/user/Project/WordPdfV1/vendor/laravel/framework/src/Illuminate/Container/BoundMethod.php(36): Facade\\Ignition\\IgnitionServiceProvider->boot()
#14 /home/user/Project/WordPdfV1/vendor/laravel/framework/src/Illuminate/Container/Util.php(40): Illuminate\\Container\\BoundMethod::Illuminate\\Container\\{closure}()
#15 /home/user/Project/WordPdfV1/vendor/laravel/framework/src/Illuminate/Container/BoundMethod.php(93): Illuminate\\Container\\Util::unwrapIfClosure()
#16 /home/user/Project/WordPdfV1/vendor/laravel/framework/src/Illuminate/Container/BoundMethod.php(37): Illuminate\\Container\\BoundMethod::callBoundMethod()
#17 /home/user/Project/WordPdfV1/vendor/laravel/framework/src/Illuminate/Container/Container.php(653): Illuminate\\Container\\BoundMethod::call()
#18 /home/user/Project/WordPdfV1/vendor/laravel/framework/src/Illuminate/Foundation/Application.php(914): Illuminate\\Container\\Container->call()
#19 /home/user/Project/WordPdfV1/vendor/laravel/framework/src/Illuminate/Foundation/Application.php(895): Illuminate\\Foundation\\Application->bootProvider()
#20 [internal function]: Illuminate\\Foundation\\Application->Illuminate\\Foundation\\{closure}()
#21 /home/user/Project/WordPdfV1/vendor/laravel/framework/src/Illuminate/Foundation/Application.php(896): array_walk()
#22 /home/user/Project/WordPdfV1/vendor/laravel/framework/src/Illuminate/Foundation/Bootstrap/BootProviders.php(17): Illuminate\\Foundation\\Application->boot()
#23 /home/user/Project/WordPdfV1/vendor/laravel/framework/src/Illuminate/Foundation/Application.php(237): Illuminate\\Foundation\\Bootstrap\\BootProviders->bootstrap()
#24 /home/user/Project/WordPdfV1/vendor/laravel/framework/src/Illuminate/Foundation/Console/Kernel.php(310): Illuminate\\Foundation\\Application->bootstrapWith()
#25 /home/user/Project/WordPdfV1/vendor/laravel/framework/src/Illuminate/Foundation/Console/Kernel.php(127): Illuminate\\Foundation\\Console\\Kernel->bootstrap()
#26 /home/user/Project/WordPdfV1/artisan(37): Illuminate\\Foundation\\Console\\Kernel->handle()
#27 {main}
"} 
[2021-10-29 17:02:37] production.ERROR: Please provide a valid cache path. {"exception":"[object] (InvalidArgumentException(code: 0): Please provide a valid cache path. at /home/user/Project/WordPdfV1/vendor/laravel/framework/src/Illuminate/View/Compilers/Compiler.php:36)
[stacktrace]
#0 /home/user/Project/WordPdfV1/vendor/laravel/framework/src/Illuminate/View/ViewServiceProvider.php(88): Illuminate\\View\\Compilers\\Compiler->__construct()
#1 /home/user/Project/WordPdfV1/vendor/laravel/framework/src/Illuminate/Container/Container.php(873): Illuminate\\View\\ViewServiceProvider->Illuminate\\View\\{closure}()
#2 /home/user/Project/WordPdfV1/vendor/laravel/framework/src/Illuminate/Container/Container.php(758): Illuminate\\Container\\Container->build()
#3 /home/user/Project/WordPdfV1/vendor/laravel/framework/src/Illuminate/Foundation/Application.php(841): Illuminate\\Container\\Container->resolve()
#4 /home/user/Project/WordPdfV1/vendor/laravel/framework/src/Illuminate/Container/Container.php(694): Illuminate\\Foundation\\Application->resolve()
#5 /home/user/Project/WordPdfV1/vendor/laravel/framework/src/Illuminate/Foundation/Application.php(826): Illuminate\\Container\\Container->make()
#6 /home/user/Project/WordPdfV1/vendor/laravel/framework/src/Illuminate/Container/Container.php(1423): Illuminate\\Foundation\\Application->make()
#7 /home/user/Project/WordPdfV1/vendor/laravel/framework/src/Illuminate/View/ViewServiceProvider.php(150): Illuminate\\Container\\Container->offsetGet()
#8 [internal function]: Illuminate\\View\\ViewServiceProvider->Illuminate\\View\\{closure}()
#9 /home/user/Project/WordPdfV1/vendor/laravel/framework/src/Illuminate/View/Engines/EngineResolver.php(55): call_user_func()
#10 /home/user/Project/WordPdfV1/vendor/facade/ignition/src/IgnitionServiceProvider.php(461): Illuminate\\View\\Engines\\EngineResolver->resolve()
#11 /home/user/Project/WordPdfV1/vendor/facade/ignition/src/IgnitionServiceProvider.php(155): Facade\\Ignition\\IgnitionServiceProvider->hasCustomViewEnginesRegistered()
#12 /home/user/Project/WordPdfV1/vendor/facade/ignition/src/IgnitionServiceProvider.php(98): Facade\\Ignition\\IgnitionServiceProvider->registerViewEngines()
#13 /home/user/Project/WordPdfV1/vendor/laravel/framework/src/Illuminate/Container/BoundMethod.php(36): Facade\\Ignition\\IgnitionServiceProvider->boot()
#14 /home/user/Project/WordPdfV1/vendor/laravel/framework/src/Illuminate/Container/Util.php(40): Illuminate\\Container\\BoundMethod::Illuminate\\Container\\{closure}()
#15 /home/user/Project/WordPdfV1/vendor/laravel/framework/src/Illuminate/Container/BoundMethod.php(93): Illuminate\\Container\\Util::unwrapIfClosure()
#16 /home/user/Project/WordPdfV1/vendor/laravel/framework/src/Illuminate/Container/BoundMethod.php(37): Illuminate\\Container\\BoundMethod::callBoundMethod()
#17 /home/user/Project/WordPdfV1/vendor/laravel/framework/src/Illuminate/Container/Container.php(653): Illuminate\\Container\\BoundMethod::call()
#18 /home/user/Project/WordPdfV1/vendor/laravel/framework/src/Illuminate/Foundation/Application.php(914): Illuminate\\Container\\Container->call()
#19 /home/user/Project/WordPdfV1/vendor/laravel/framework/src/Illuminate/Foundation/Application.php(895): Illuminate\\Foundation\\Application->bootProvider()
#20 [internal function]: Illuminate\\Foundation\\Application->Illuminate\\Foundation\\{closure}()
#21 /home/user/Project/WordPdfV1/vendor/laravel/framework/src/Illuminate/Foundation/Application.php(896): array_walk()
#22 /home/user/Project/WordPdfV1/vendor/laravel/framework/src/Illuminate/Foundation/Bootstrap/BootProviders.php(17): Illuminate\\Foundation\\Application->boot()
#23 /home/user/Project/WordPdfV1/vendor/laravel/framework/src/Illuminate/Foundation/Application.php(237): Illuminate\\Foundation\\Bootstrap\\BootProviders->bootstrap()
#24 /home/user/Project/WordPdfV1/vendor/laravel/framework/src/Illuminate/Foundation/Console/Kernel.php(310): Illuminate\\Foundation\\Application->bootstrapWith()
#25 /home/user/Project/WordPdfV1/vendor/laravel/framework/src/Illuminate/Foundation/Console/Kernel.php(127): Illuminate\\Foundation\\Console\\Kernel->bootstrap()
#26 /home/user/Project/WordPdfV1/artisan(37): Illuminate\\Foundation\\Console\\Kernel->handle()
#27 {main}
"} 
[2021-10-29 17:16:29] production.ERROR: No application encryption key has been specified. {"exception":"[object] (Illuminate\\Encryption\\MissingAppKeyException(code: 0): No application encryption key has been specified. at /home/user/Project/WordPdfV1/vendor/laravel/framework/src/Illuminate/Encryption/EncryptionServiceProvider.php:101)
[stacktrace]
#0 /home/user/Project/WordPdfV1/vendor/laravel/framework/src/Illuminate/Support/helpers.php(263): Illuminate\\Encryption\\EncryptionServiceProvider->Illuminate\\Encryption\\{closure}()
#1 /home/user/Project/WordPdfV1/vendor/laravel/framework/src/Illuminate/Encryption/EncryptionServiceProvider.php(103): tap()
#2 /home/user/Project/WordPdfV1/vendor/laravel/framework/src/Illuminate/Encryption/EncryptionServiceProvider.php(82): Illuminate\\Encryption\\EncryptionServiceProvider->key()
#3 /home/user/Project/WordPdfV1/vendor/laravel/framework/src/Illuminate/Encryption/EncryptionServiceProvider.php(34): Illuminate\\Encryption\\EncryptionServiceProvider->parseKey()
#4 /home/user/Project/WordPdfV1/vendor/laravel/framework/src/Illuminate/Container/Container.php(873): Illuminate\\Encryption\\EncryptionServiceProvider->Illuminate\\Encryption\\{closure}()
#5 /home/user/Project/WordPdfV1/vendor/laravel/framework/src/Illuminate/Container/Container.php(758): Illuminate\\Container\\Container->build()
#6 /home/user/Project/WordPdfV1/vendor/laravel/framework/src/Illuminate/Foundation/Application.php(841): Illuminate\\Container\\Container->resolve()
#7 /home/user/Project/WordPdfV1/vendor/laravel/framework/src/Illuminate/Container/Container.php(694): Illuminate\\Foundation\\Application->resolve()
#8 /home/user/Project/WordPdfV1/vendor/laravel/framework/src/Illuminate/Foundation/Application.php(826): Illuminate\\Container\\Container->make()
#9 /home/user/Project/WordPdfV1/vendor/laravel/framework/src/Illuminate/Container/Container.php(1031): Illuminate\\Foundation\\Application->make()
#10 /home/user/Project/WordPdfV1/vendor/laravel/framework/src/Illuminate/Container/Container.php(951): Illuminate\\Container\\Container->resolveClass()
#11 /home/user/Project/WordPdfV1/vendor/laravel/framework/src/Illuminate/Container/Container.php(912): Illuminate\\Container\\Container->resolveDependencies()
#12 /home/user/Project/WordPdfV1/vendor/laravel/framework/src/Illuminate/Container/Container.php(758): Illuminate\\Container\\Container->build()
#13 /home/user/Project/WordPdfV1/vendor/laravel/framework/src/Illuminate/Foundation/Application.php(841): Illuminate\\Container\\Container->resolve()
#14 /home/user/Project/WordPdfV1/vendor/laravel/framework/src/Illuminate/Container/Container.php(694): Illuminate\\Foundation\\Application->resolve()
#15 /home/user/Project/WordPdfV1/vendor/laravel/framework/src/Illuminate/Foundation/Application.php(826): Illuminate\\Container\\Container->make()
#16 /home/user/Project/WordPdfV1/vendor/laravel/framework/src/Illuminate/Pipeline/Pipeline.php(156): Illuminate\\Foundation\\Application->make()
#17 /home/user/Project/WordPdfV1/vendor/laravel/framework/src/Illuminate/Pipeline/Pipeline.php(103): Illuminate\\Pipeline\\Pipeline->Illuminate\\Pipeline\\{closure}()
#18 /home/user/Project/WordPdfV1/vendor/laravel/framework/src/Illuminate/Routing/Router.php(697): Illuminate\\Pipeline\\Pipeline->then()
#19 /home/user/Project/WordPdfV1/vendor/laravel/framework/src/Illuminate/Routing/Router.php(672): Illuminate\\Routing\\Router->runRouteWithinStack()
#20 /home/user/Project/WordPdfV1/vendor/laravel/framework/src/Illuminate/Routing/Router.php(636): Illuminate\\Routing\\Router->runRoute()
#21 /home/user/Project/WordPdfV1/vendor/laravel/framework/src/Illuminate/Routing/Router.php(625): Illuminate\\Routing\\Router->dispatchToRoute()
#22 /home/user/Project/WordPdfV1/vendor/laravel/framework/src/Illuminate/Foundation/Http/Kernel.php(167): Illuminate\\Routing\\Router->dispatch()
#23 /home/user/Project/WordPdfV1/vendor/laravel/framework/src/Illuminate/Pipeline/Pipeline.php(128): Illuminate\\Foundation\\Http\\Kernel->Illuminate\\Foundation\\Http\\{closure}()
#24 /home/user/Project/WordPdfV1/vendor/laravel/framework/src/Illuminate/Foundation/Http/Middleware/TransformsRequest.php(21): Illuminate\\Pipeline\\Pipeline->Illuminate\\Pipeline\\{closure}()
#25 /home/user/Project/WordPdfV1/vendor/laravel/framework/src/Illuminate/Foundation/Http/Middleware/ConvertEmptyStringsToNull.php(31): Illuminate\\Foundation\\Http\\Middleware\\TransformsRequest->handle()
#26 /home/user/Project/WordPdfV1/vendor/laravel/framework/src/Illuminate/Pipeline/Pipeline.php(167): Illuminate\\Foundation\\Http\\Middleware\\ConvertEmptyStringsToNull->handle()
#27 /home/user/Project/WordPdfV1/vendor/laravel/framework/src/Illuminate/Foundation/Http/Middleware/TransformsRequest.php(21): Illuminate\\Pipeline\\Pipeline->Illuminate\\Pipeline\\{closure}()
#28 /home/user/Project/WordPdfV1/vendor/laravel/framework/src/Illuminate/Foundation/Http/Middleware/TrimStrings.php(40): Illuminate\\Foundation\\Http\\Middleware\\TransformsRequest->handle()
#29 /home/user/Project/WordPdfV1/vendor/laravel/framework/src/Illuminate/Pipeline/Pipeline.php(167): Illuminate\\Foundation\\Http\\Middleware\\TrimStrings->handle()
#30 /home/user/Project/WordPdfV1/vendor/laravel/framework/src/Illuminate/Foundation/Http/Middleware/ValidatePostSize.php(27): Illuminate\\Pipeline\\Pipeline->Illuminate\\Pipeline\\{closure}()
#31 /home/user/Project/WordPdfV1/vendor/laravel/framework/src/Illuminate/Pipeline/Pipeline.php(167): Illuminate\\Foundation\\Http\\Middleware\\ValidatePostSize->handle()
#32 /home/user/Project/WordPdfV1/vendor/laravel/framework/src/Illuminate/Foundation/Http/Middleware/PreventRequestsDuringMaintenance.php(86): Illuminate\\Pipeline\\Pipeline->Illuminate\\Pipeline\\{closure}()
#33 /home/user/Project/WordPdfV1/vendor/laravel/framework/src/Illuminate/Pipeline/Pipeline.php(167): Illuminate\\Foundation\\Http\\Middleware\\PreventRequestsDuringMaintenance->handle()
#34 /home/user/Project/WordPdfV1/vendor/fruitcake/laravel-cors/src/HandleCors.php(38): Illuminate\\Pipeline\\Pipeline->Illuminate\\Pipeline\\{closure}()
#35 /home/user/Project/WordPdfV1/vendor/laravel/framework/src/Illuminate/Pipeline/Pipeline.php(167): Fruitcake\\Cors\\HandleCors->handle()
#36 /home/user/Project/WordPdfV1/vendor/laravel/framework/src/Illuminate/Http/Middleware/TrustProxies.php(39): Illuminate\\Pipeline\\Pipeline->Illuminate\\Pipeline\\{closure}()
#37 /home/user/Project/WordPdfV1/vendor/laravel/framework/src/Illuminate/Pipeline/Pipeline.php(167): Illuminate\\Http\\Middleware\\TrustProxies->handle()
#38 /home/user/Project/WordPdfV1/vendor/laravel/framework/src/Illuminate/Pipeline/Pipeline.php(103): Illuminate\\Pipeline\\Pipeline->Illuminate\\Pipeline\\{closure}()
#39 /home/user/Project/WordPdfV1/vendor/laravel/framework/src/Illuminate/Foundation/Http/Kernel.php(142): Illuminate\\Pipeline\\Pipeline->then()
#40 /home/user/Project/WordPdfV1/vendor/laravel/framework/src/Illuminate/Foundation/Http/Kernel.php(111): Illuminate\\Foundation\\Http\\Kernel->sendRequestThroughRouter()
#41 /home/user/Project/WordPdfV1/public/index.php(52): Illuminate\\Foundation\\Http\\Kernel->handle()
#42 /home/user/Project/WordPdfV1/server.php(21): require_once('/home/user/Proj...')
#43 {main}
"} 
[2021-10-29 17:16:29] production.ERROR: No application encryption key has been specified. {"exception":"[object] (Illuminate\\Encryption\\MissingAppKeyException(code: 0): No application encryption key has been specified. at /home/user/Project/WordPdfV1/vendor/laravel/framework/src/Illuminate/Encryption/EncryptionServiceProvider.php:101)
[stacktrace]
#0 /home/user/Project/WordPdfV1/vendor/laravel/framework/src/Illuminate/Support/helpers.php(263): Illuminate\\Encryption\\EncryptionServiceProvider->Illuminate\\Encryption\\{closure}()
#1 /home/user/Project/WordPdfV1/vendor/laravel/framework/src/Illuminate/Encryption/EncryptionServiceProvider.php(103): tap()
#2 /home/user/Project/WordPdfV1/vendor/laravel/framework/src/Illuminate/Encryption/EncryptionServiceProvider.php(82): Illuminate\\Encryption\\EncryptionServiceProvider->key()
#3 /home/user/Project/WordPdfV1/vendor/laravel/framework/src/Illuminate/Encryption/EncryptionServiceProvider.php(34): Illuminate\\Encryption\\EncryptionServiceProvider->parseKey()
#4 /home/user/Project/WordPdfV1/vendor/laravel/framework/src/Illuminate/Container/Container.php(873): Illuminate\\Encryption\\EncryptionServiceProvider->Illuminate\\Encryption\\{closure}()
#5 /home/user/Project/WordPdfV1/vendor/laravel/framework/src/Illuminate/Container/Container.php(758): Illuminate\\Container\\Container->build()
#6 /home/user/Project/WordPdfV1/vendor/laravel/framework/src/Illuminate/Foundation/Application.php(841): Illuminate\\Container\\Container->resolve()
#7 /home/user/Project/WordPdfV1/vendor/laravel/framework/src/Illuminate/Container/Container.php(694): Illuminate\\Foundation\\Application->resolve()
#8 /home/user/Project/WordPdfV1/vendor/laravel/framework/src/Illuminate/Foundation/Application.php(826): Illuminate\\Container\\Container->make()
#9 /home/user/Project/WordPdfV1/vendor/laravel/framework/src/Illuminate/Container/Container.php(1031): Illuminate\\Foundation\\Application->make()
#10 /home/user/Project/WordPdfV1/vendor/laravel/framework/src/Illuminate/Container/Container.php(951): Illuminate\\Container\\Container->resolveClass()
#11 /home/user/Project/WordPdfV1/vendor/laravel/framework/src/Illuminate/Container/Container.php(912): Illuminate\\Container\\Container->resolveDependencies()
#12 /home/user/Project/WordPdfV1/vendor/laravel/framework/src/Illuminate/Container/Container.php(758): Illuminate\\Container\\Container->build()
#13 /home/user/Project/WordPdfV1/vendor/laravel/framework/src/Illuminate/Foundation/Application.php(841): Illuminate\\Container\\Container->resolve()
#14 /home/user/Project/WordPdfV1/vendor/laravel/framework/src/Illuminate/Container/Container.php(694): Illuminate\\Foundation\\Application->resolve()
#15 /home/user/Project/WordPdfV1/vendor/laravel/framework/src/Illuminate/Foundation/Application.php(826): Illuminate\\Container\\Container->make()
#16 /home/user/Project/WordPdfV1/vendor/laravel/framework/src/Illuminate/Foundation/Http/Kernel.php(206): Illuminate\\Foundation\\Application->make()
#17 /home/user/Project/WordPdfV1/vendor/laravel/framework/src/Illuminate/Foundation/Http/Kernel.php(180): Illuminate\\Foundation\\Http\\Kernel->terminateMiddleware()
#18 /home/user/Project/WordPdfV1/public/index.php(55): Illuminate\\Foundation\\Http\\Kernel->terminate()
#19 /home/user/Project/WordPdfV1/server.php(21): require_once('/home/user/Proj...')
#20 {main}
"} 
[2021-10-29 17:18:39] local.ERROR: file_put_contents(/home/user/Project/WordPdfV1/storage/framework/sessions/NeNWXB0yQtE7GwhTnDQsjGliOjkil4yexFKZyS4v): failed to open stream: No such file or directory {"exception":"[object] (ErrorException(code: 0): file_put_contents(/home/user/Project/WordPdfV1/storage/framework/sessions/NeNWXB0yQtE7GwhTnDQsjGliOjkil4yexFKZyS4v): failed to open stream: No such file or directory at /home/user/Project/WordPdfV1/vendor/laravel/framework/src/Illuminate/Filesystem/Filesystem.php:187)
[stacktrace]
#0 [internal function]: Illuminate\\Foundation\\Bootstrap\\HandleExceptions->handleError()
#1 /home/user/Project/WordPdfV1/vendor/laravel/framework/src/Illuminate/Filesystem/Filesystem.php(187): file_put_contents()
#2 /home/user/Project/WordPdfV1/vendor/laravel/framework/src/Illuminate/Session/FileSessionHandler.php(95): Illuminate\\Filesystem\\Filesystem->put()
#3 /home/user/Project/WordPdfV1/vendor/laravel/framework/src/Illuminate/Session/Store.php(129): Illuminate\\Session\\FileSessionHandler->write()
#4 /home/user/Project/WordPdfV1/vendor/laravel/framework/src/Illuminate/Session/Middleware/StartSession.php(236): Illuminate\\Session\\Store->save()
#5 /home/user/Project/WordPdfV1/vendor/laravel/framework/src/Illuminate/Session/Middleware/StartSession.php(130): Illuminate\\Session\\Middleware\\StartSession->saveSession()
#6 /home/user/Project/WordPdfV1/vendor/laravel/framework/src/Illuminate/Session/Middleware/StartSession.php(64): Illuminate\\Session\\Middleware\\StartSession->handleStatefulRequest()
#7 /home/user/Project/WordPdfV1/vendor/laravel/framework/src/Illuminate/Pipeline/Pipeline.php(167): Illuminate\\Session\\Middleware\\StartSession->handle()
#8 /home/user/Project/WordPdfV1/vendor/laravel/framework/src/Illuminate/Cookie/Middleware/AddQueuedCookiesToResponse.php(37): Illuminate\\Pipeline\\Pipeline->Illuminate\\Pipeline\\{closure}()
#9 /home/user/Project/WordPdfV1/vendor/laravel/framework/src/Illuminate/Pipeline/Pipeline.php(167): Illuminate\\Cookie\\Middleware\\AddQueuedCookiesToResponse->handle()
#10 /home/user/Project/WordPdfV1/vendor/laravel/framework/src/Illuminate/Cookie/Middleware/EncryptCookies.php(67): Illuminate\\Pipeline\\Pipeline->Illuminate\\Pipeline\\{closure}()
#11 /home/user/Project/WordPdfV1/vendor/laravel/framework/src/Illuminate/Pipeline/Pipeline.php(167): Illuminate\\Cookie\\Middleware\\EncryptCookies->handle()
#12 /home/user/Project/WordPdfV1/vendor/laravel/framework/src/Illuminate/Pipeline/Pipeline.php(103): Illuminate\\Pipeline\\Pipeline->Illuminate\\Pipeline\\{closure}()
#13 /home/user/Project/WordPdfV1/vendor/laravel/framework/src/Illuminate/Routing/Router.php(697): Illuminate\\Pipeline\\Pipeline->then()
#14 /home/user/Project/WordPdfV1/vendor/laravel/framework/src/Illuminate/Routing/Router.php(672): Illuminate\\Routing\\Router->runRouteWithinStack()
#15 /home/user/Project/WordPdfV1/vendor/laravel/framework/src/Illuminate/Routing/Router.php(636): Illuminate\\Routing\\Router->runRoute()
#16 /home/user/Project/WordPdfV1/vendor/laravel/framework/src/Illuminate/Routing/Router.php(625): Illuminate\\Routing\\Router->dispatchToRoute()
#17 /home/user/Project/WordPdfV1/vendor/laravel/framework/src/Illuminate/Foundation/Http/Kernel.php(167): Illuminate\\Routing\\Router->dispatch()
#18 /home/user/Project/WordPdfV1/vendor/laravel/framework/src/Illuminate/Pipeline/Pipeline.php(128): Illuminate\\Foundation\\Http\\Kernel->Illuminate\\Foundation\\Http\\{closure}()
#19 /home/user/Project/WordPdfV1/vendor/laravel/framework/src/Illuminate/Foundation/Http/Middleware/TransformsRequest.php(21): Illuminate\\Pipeline\\Pipeline->Illuminate\\Pipeline\\{closure}()
#20 /home/user/Project/WordPdfV1/vendor/laravel/framework/src/Illuminate/Foundation/Http/Middleware/ConvertEmptyStringsToNull.php(31): Illuminate\\Foundation\\Http\\Middleware\\TransformsRequest->handle()
#21 /home/user/Project/WordPdfV1/vendor/laravel/framework/src/Illuminate/Pipeline/Pipeline.php(167): Illuminate\\Foundation\\Http\\Middleware\\ConvertEmptyStringsToNull->handle()
#22 /home/user/Project/WordPdfV1/vendor/laravel/framework/src/Illuminate/Foundation/Http/Middleware/TransformsRequest.php(21): Illuminate\\Pipeline\\Pipeline->Illuminate\\Pipeline\\{closure}()
#23 /home/user/Project/WordPdfV1/vendor/laravel/framework/src/Illuminate/Foundation/Http/Middleware/TrimStrings.php(40): Illuminate\\Foundation\\Http\\Middleware\\TransformsRequest->handle()
#24 /home/user/Project/WordPdfV1/vendor/laravel/framework/src/Illuminate/Pipeline/Pipeline.php(167): Illuminate\\Foundation\\Http\\Middleware\\TrimStrings->handle()
#25 /home/user/Project/WordPdfV1/vendor/laravel/framework/src/Illuminate/Foundation/Http/Middleware/ValidatePostSize.php(27): Illuminate\\Pipeline\\Pipeline->Illuminate\\Pipeline\\{closure}()
#26 /home/user/Project/WordPdfV1/vendor/laravel/framework/src/Illuminate/Pipeline/Pipeline.php(167): Illuminate\\Foundation\\Http\\Middleware\\ValidatePostSize->handle()
#27 /home/user/Project/WordPdfV1/vendor/laravel/framework/src/Illuminate/Foundation/Http/Middleware/PreventRequestsDuringMaintenance.php(86): Illuminate\\Pipeline\\Pipeline->Illuminate\\Pipeline\\{closure}()
#28 /home/user/Project/WordPdfV1/vendor/laravel/framework/src/Illuminate/Pipeline/Pipeline.php(167): Illuminate\\Foundation\\Http\\Middleware\\PreventRequestsDuringMaintenance->handle()
#29 /home/user/Project/WordPdfV1/vendor/fruitcake/laravel-cors/src/HandleCors.php(38): Illuminate\\Pipeline\\Pipeline->Illuminate\\Pipeline\\{closure}()
#30 /home/user/Project/WordPdfV1/vendor/laravel/framework/src/Illuminate/Pipeline/Pipeline.php(167): Fruitcake\\Cors\\HandleCors->handle()
#31 /home/user/Project/WordPdfV1/vendor/laravel/framework/src/Illuminate/Http/Middleware/TrustProxies.php(39): Illuminate\\Pipeline\\Pipeline->Illuminate\\Pipeline\\{closure}()
#32 /home/user/Project/WordPdfV1/vendor/laravel/framework/src/Illuminate/Pipeline/Pipeline.php(167): Illuminate\\Http\\Middleware\\TrustProxies->handle()
#33 /home/user/Project/WordPdfV1/vendor/laravel/framework/src/Illuminate/Pipeline/Pipeline.php(103): Illuminate\\Pipeline\\Pipeline->Illuminate\\Pipeline\\{closure}()
#34 /home/user/Project/WordPdfV1/vendor/laravel/framework/src/Illuminate/Foundation/Http/Kernel.php(142): Illuminate\\Pipeline\\Pipeline->then()
#35 /home/user/Project/WordPdfV1/vendor/laravel/framework/src/Illuminate/Foundation/Http/Kernel.php(111): Illuminate\\Foundation\\Http\\Kernel->sendRequestThroughRouter()
#36 /home/user/Project/WordPdfV1/public/index.php(52): Illuminate\\Foundation\\Http\\Kernel->handle()
#37 /home/user/Project/WordPdfV1/server.php(21): require_once('/home/user/Proj...')
#38 {main}
"} 
[2021-10-29 17:20:37] local.ERROR: file_put_contents(/home/user/Project/WordPdfV1/storage/framework/sessions/rLMcj3mRB7wh7R1YPJtG7089RoPOl9oZHOJKv2Qd): failed to open stream: No such file or directory {"exception":"[object] (ErrorException(code: 0): file_put_contents(/home/user/Project/WordPdfV1/storage/framework/sessions/rLMcj3mRB7wh7R1YPJtG7089RoPOl9oZHOJKv2Qd): failed to open stream: No such file or directory at /home/user/Project/WordPdfV1/vendor/laravel/framework/src/Illuminate/Filesystem/Filesystem.php:187)
[stacktrace]
#0 [internal function]: Illuminate\\Foundation\\Bootstrap\\HandleExceptions->handleError()
#1 /home/user/Project/WordPdfV1/vendor/laravel/framework/src/Illuminate/Filesystem/Filesystem.php(187): file_put_contents()
#2 /home/user/Project/WordPdfV1/vendor/laravel/framework/src/Illuminate/Session/FileSessionHandler.php(95): Illuminate\\Filesystem\\Filesystem->put()
#3 /home/user/Project/WordPdfV1/vendor/laravel/framework/src/Illuminate/Session/Store.php(129): Illuminate\\Session\\FileSessionHandler->write()
#4 /home/user/Project/WordPdfV1/vendor/laravel/framework/src/Illuminate/Session/Middleware/StartSession.php(236): Illuminate\\Session\\Store->save()
#5 /home/user/Project/WordPdfV1/vendor/laravel/framework/src/Illuminate/Session/Middleware/StartSession.php(130): Illuminate\\Session\\Middleware\\StartSession->saveSession()
#6 /home/user/Project/WordPdfV1/vendor/laravel/framework/src/Illuminate/Session/Middleware/StartSession.php(64): Illuminate\\Session\\Middleware\\StartSession->handleStatefulRequest()
#7 /home/user/Project/WordPdfV1/vendor/laravel/framework/src/Illuminate/Pipeline/Pipeline.php(167): Illuminate\\Session\\Middleware\\StartSession->handle()
#8 /home/user/Project/WordPdfV1/vendor/laravel/framework/src/Illuminate/Cookie/Middleware/AddQueuedCookiesToResponse.php(37): Illuminate\\Pipeline\\Pipeline->Illuminate\\Pipeline\\{closure}()
#9 /home/user/Project/WordPdfV1/vendor/laravel/framework/src/Illuminate/Pipeline/Pipeline.php(167): Illuminate\\Cookie\\Middleware\\AddQueuedCookiesToResponse->handle()
#10 /home/user/Project/WordPdfV1/vendor/laravel/framework/src/Illuminate/Cookie/Middleware/EncryptCookies.php(67): Illuminate\\Pipeline\\Pipeline->Illuminate\\Pipeline\\{closure}()
#11 /home/user/Project/WordPdfV1/vendor/laravel/framework/src/Illuminate/Pipeline/Pipeline.php(167): Illuminate\\Cookie\\Middleware\\EncryptCookies->handle()
#12 /home/user/Project/WordPdfV1/vendor/laravel/framework/src/Illuminate/Pipeline/Pipeline.php(103): Illuminate\\Pipeline\\Pipeline->Illuminate\\Pipeline\\{closure}()
#13 /home/user/Project/WordPdfV1/vendor/laravel/framework/src/Illuminate/Routing/Router.php(697): Illuminate\\Pipeline\\Pipeline->then()
#14 /home/user/Project/WordPdfV1/vendor/laravel/framework/src/Illuminate/Routing/Router.php(672): Illuminate\\Routing\\Router->runRouteWithinStack()
#15 /home/user/Project/WordPdfV1/vendor/laravel/framework/src/Illuminate/Routing/Router.php(636): Illuminate\\Routing\\Router->runRoute()
#16 /home/user/Project/WordPdfV1/vendor/laravel/framework/src/Illuminate/Routing/Router.php(625): Illuminate\\Routing\\Router->dispatchToRoute()
#17 /home/user/Project/WordPdfV1/vendor/laravel/framework/src/Illuminate/Foundation/Http/Kernel.php(167): Illuminate\\Routing\\Router->dispatch()
#18 /home/user/Project/WordPdfV1/vendor/laravel/framework/src/Illuminate/Pipeline/Pipeline.php(128): Illuminate\\Foundation\\Http\\Kernel->Illuminate\\Foundation\\Http\\{closure}()
#19 /home/user/Project/WordPdfV1/vendor/laravel/framework/src/Illuminate/Foundation/Http/Middleware/TransformsRequest.php(21): Illuminate\\Pipeline\\Pipeline->Illuminate\\Pipeline\\{closure}()
#20 /home/user/Project/WordPdfV1/vendor/laravel/framework/src/Illuminate/Foundation/Http/Middleware/ConvertEmptyStringsToNull.php(31): Illuminate\\Foundation\\Http\\Middleware\\TransformsRequest->handle()
#21 /home/user/Project/WordPdfV1/vendor/laravel/framework/src/Illuminate/Pipeline/Pipeline.php(167): Illuminate\\Foundation\\Http\\Middleware\\ConvertEmptyStringsToNull->handle()
#22 /home/user/Project/WordPdfV1/vendor/laravel/framework/src/Illuminate/Foundation/Http/Middleware/TransformsRequest.php(21): Illuminate\\Pipeline\\Pipeline->Illuminate\\Pipeline\\{closure}()
#23 /home/user/Project/WordPdfV1/vendor/laravel/framework/src/Illuminate/Foundation/Http/Middleware/TrimStrings.php(40): Illuminate\\Foundation\\Http\\Middleware\\TransformsRequest->handle()
#24 /home/user/Project/WordPdfV1/vendor/laravel/framework/src/Illuminate/Pipeline/Pipeline.php(167): Illuminate\\Foundation\\Http\\Middleware\\TrimStrings->handle()
#25 /home/user/Project/WordPdfV1/vendor/laravel/framework/src/Illuminate/Foundation/Http/Middleware/ValidatePostSize.php(27): Illuminate\\Pipeline\\Pipeline->Illuminate\\Pipeline\\{closure}()
#26 /home/user/Project/WordPdfV1/vendor/laravel/framework/src/Illuminate/Pipeline/Pipeline.php(167): Illuminate\\Foundation\\Http\\Middleware\\ValidatePostSize->handle()
#27 /home/user/Project/WordPdfV1/vendor/laravel/framework/src/Illuminate/Foundation/Http/Middleware/PreventRequestsDuringMaintenance.php(86): Illuminate\\Pipeline\\Pipeline->Illuminate\\Pipeline\\{closure}()
#28 /home/user/Project/WordPdfV1/vendor/laravel/framework/src/Illuminate/Pipeline/Pipeline.php(167): Illuminate\\Foundation\\Http\\Middleware\\PreventRequestsDuringMaintenance->handle()
#29 /home/user/Project/WordPdfV1/vendor/fruitcake/laravel-cors/src/HandleCors.php(38): Illuminate\\Pipeline\\Pipeline->Illuminate\\Pipeline\\{closure}()
#30 /home/user/Project/WordPdfV1/vendor/laravel/framework/src/Illuminate/Pipeline/Pipeline.php(167): Fruitcake\\Cors\\HandleCors->handle()
#31 /home/user/Project/WordPdfV1/vendor/laravel/framework/src/Illuminate/Http/Middleware/TrustProxies.php(39): Illuminate\\Pipeline\\Pipeline->Illuminate\\Pipeline\\{closure}()
#32 /home/user/Project/WordPdfV1/vendor/laravel/framework/src/Illuminate/Pipeline/Pipeline.php(167): Illuminate\\Http\\Middleware\\TrustProxies->handle()
#33 /home/user/Project/WordPdfV1/vendor/laravel/framework/src/Illuminate/Pipeline/Pipeline.php(103): Illuminate\\Pipeline\\Pipeline->Illuminate\\Pipeline\\{closure}()
#34 /home/user/Project/WordPdfV1/vendor/laravel/framework/src/Illuminate/Foundation/Http/Kernel.php(142): Illuminate\\Pipeline\\Pipeline->then()
#35 /home/user/Project/WordPdfV1/vendor/laravel/framework/src/Illuminate/Foundation/Http/Kernel.php(111): Illuminate\\Foundation\\Http\\Kernel->sendRequestThroughRouter()
#36 /home/user/Project/WordPdfV1/public/index.php(52): Illuminate\\Foundation\\Http\\Kernel->handle()
#37 /home/user/Project/WordPdfV1/server.php(21): require_once('/home/user/Proj...')
#38 {main}
"} 
